0 info it worked if it ends with ok
1 verbose cli [ 'node', '/home/shobhit/local/bin/npm', 'version', 'patch' ]
2 info using npm@1.3.23
3 info using node@v0.10.24
4 error Error: Command failed: fatal: tag 'v0.6.2' already exists
4 error
4 error     at ChildProcess.exithandler (child_process.js:637:15)
4 error     at ChildProcess.EventEmitter.emit (events.js:98:17)
4 error     at maybeClose (child_process.js:735:16)
4 error     at Socket.<anonymous> (child_process.js:948:11)
4 error     at Socket.EventEmitter.emit (events.js:95:17)
4 error     at Pipe.close (net.js:466:12)
5 error If you need help, you may report this *entire* log,
5 error including the npm and node versions, at:
5 error     <http://github.com/isaacs/npm/issues>
6 error System Linux 3.11.0-15-generic
7 error command "node" "/home/shobhit/local/bin/npm" "version" "patch"
8 error cwd /var/www/intro.js
9 error node -v v0.10.24
10 error npm -v 1.3.23
11 error code 128
12 verbose exit [ 1, true ]
